<?xml version="1.0" encoding="UTF-8"?>
<testng-results ignored="0" total="1" passed="1" failed="0" skipped="0">
  <reporter-output>
  </reporter-output>
  <suite started-at="2026-04-27T19:29:51 IST" name="Default suite" finished-at="2026-04-27T19:29:52 IST" duration-ms="205">
    <groups>
      <group name="regression">
        <method signature="PracTest.appleTest()[pri:0, instance:Demo.PracTest@1623b78d]" name="appleTest" class="Demo.PracTest"/>
      </group> <!-- regression -->
    </groups>
    <test started-at="2026-04-27T19:29:51 IST" name="Default test" finished-at="2026-04-27T19:29:52 IST" duration-ms="205">
      <class name="Demo.PracTest">
        <test-method signature="appleTest()[pri:0, instance:Demo.PracTest@1623b78d]" started-at="2026-04-27T19:29:52 IST" name="appleTest" finished-at="2026-04-27T19:29:52 IST" duration-ms="39" status="PASS">
          <reporter-output>
          </reporter-output>
        </test-method> <!-- appleTest -->
      </class> <!-- Demo.PracTest -->
    </test> <!-- Default test -->
  </suite> <!-- Default suite -->
</testng-results>
