<?xml version="1.0" encoding="UTF-8"?>
<testng-results ignored="0" total="1" passed="1" failed="0" skipped="0">
  <reporter-output>
  </reporter-output>
  <suite started-at="2026-04-25T13:36:16 IST" name="Suite" finished-at="2026-04-25T13:36:16 IST" duration-ms="53">
    <groups>
      <group name="regression">
        <method signature="PracTest.appleTest()[pri:0, instance:Demo.PracTest@4efbca5a]" name="appleTest" class="Demo.PracTest"/>
      </group> <!-- regression -->
    </groups>
    <test started-at="2026-04-25T13:36:16 IST" name="Test" finished-at="2026-04-25T13:36:16 IST" duration-ms="53">
      <class name="Demo.PracTest">
        <test-method signature="appleTest()[pri:0, instance:Demo.PracTest@4efbca5a]" started-at="2026-04-25T13:36:16 IST" name="appleTest" finished-at="2026-04-25T13:36:16 IST" duration-ms="8" status="PASS">
          <reporter-output>
          </reporter-output>
        </test-method> <!-- appleTest -->
      </class> <!-- Demo.PracTest -->
    </test> <!-- Test -->
  </suite> <!-- Suite -->
</testng-results>
